<?xml version="1.0" encoding="UTF-8"?>
<!-- Generated by org.testng.reporters.JUnitReportReporter -->
<testsuite hostname="Arjen" failures="0" tests="4" name="FitPeo.Assignment2.task" time="3.182" errors="0" timestamp="2024-11-25T12:09:16 IST" skipped="0">
  <testcase classname="FitPeo.Assignment2.task" name="navigateToRevenueCalculator" time="0.078"/>
  <testcase classname="FitPeo.Assignment2.task" name="validateSliderUpdatesWithMovement" time="1.515"/>
  <testcase classname="FitPeo.Assignment2.task" name="updateSliderThroughTextField" time="0.211"/>
  <testcase classname="FitPeo.Assignment2.task" name="validatingTotalRecurringReimbursement" time="1.378"/>
</testsuite> <!-- FitPeo.Assignment2.task -->
