<?xml version="1.0" encoding="UTF-8"?>
<!-- Generated by org.testng.reporters.JUnitReportReporter -->
<testsuite hostname="Arjen" failures="0" tests="4" name="FitPeo.Assignment.task" time="2.977" errors="0" timestamp="2024-11-26T12:05:03 IST" skipped="0">
  <testcase classname="FitPeo.Assignment.task" name="navigateToRevenueCalculator" time="0.076"/>
  <testcase classname="FitPeo.Assignment.task" name="validateSliderUpdatesWithMovement" time="1.449"/>
  <testcase classname="FitPeo.Assignment.task" name="updateSliderThroughTextField" time="0.193"/>
  <testcase classname="FitPeo.Assignment.task" name="validatingTotalRecurringReimbursement" time="1.259"/>
</testsuite> <!-- FitPeo.Assignment.task -->
